2026-02-18 08:52:02,950 - INFO - ==================================================
2026-02-18 08:52:02,950 - INFO -    Bus Delay Optimization Pipeline Started (v1.0) 
2026-02-18 08:52:02,950 - INFO - ==================================================
2026-02-18 08:52:02,951 - INFO - >>> Step [1/6]: Generating Dataset...
2026-02-18 08:52:02,952 - INFO - Starting dataset generation for 30 days...
2026-02-18 08:52:02,966 - INFO - Dataset generated successfully at: data/raw/bus_delay_dataset.csv
2026-02-18 08:52:02,966 - INFO - Total records: 900
2026-02-18 08:52:02,967 - INFO - >>> Step [2/6]: Cleaning Data...
2026-02-18 08:52:02,967 - INFO - Starting data cleaning process...
2026-02-18 08:52:02,992 - INFO - Data cleaned and saved to data/processed/cleaned_bus_delay.csv
2026-02-18 08:52:02,993 - INFO - Cleaned records: 900
2026-02-18 08:52:02,993 - INFO - >>> Step [3/6]: Running Analysis & Recommendations...
2026-02-18 08:52:02,993 - INFO - Starting delay analysis...
2026-02-18 08:52:03,011 - INFO - Overall Average Delay: 16.14 minutes
2026-02-18 08:52:03,012 - INFO - Delay Standard Deviation: 14.36 minutes
2026-02-18 08:52:03,012 - INFO - 95th Percentile Delay: 43.00 minutes
2026-02-18 08:52:03,015 - INFO - Peak vs Non-Peak Difference: 668.53%
2026-02-18 08:52:03,018 - INFO - Route ranking exported to reports/tables\route_ranking.csv
2026-02-18 08:52:03,018 - INFO - Generating business recommendations...
2026-02-18 08:52:03,021 - INFO - Recommendations exported to reports/tables\recommendations.csv
2026-02-18 08:52:03,021 - INFO - Analysis phase completed.
2026-02-18 08:52:03,021 - INFO - >>> Step [4/6]: Generating Summary Report...
2026-02-18 08:52:03,021 - INFO - Generating summary report...
2026-02-18 08:52:03,041 - INFO - Summary report generated at reports/summary_report.txt
2026-02-18 08:52:03,042 - INFO - >>> Step [5/6]: Generating Plots...
2026-02-18 08:52:03,042 - INFO - Generating visualizations...
2026-02-18 08:52:03,345 - INFO - Saved delay_distribution.png
2026-02-18 08:52:03,603 - INFO - Saved route_wise_delay.png
2026-02-18 08:52:04,328 - INFO - Saved hour_vs_delay.png
2026-02-18 08:52:04,561 - INFO - Saved delay_heatmap.png
2026-02-18 08:52:04,763 - INFO - Saved traffic_vs_delay.png
2026-02-18 08:52:04,763 - INFO - All plots saved to reports/plots
2026-02-18 08:52:04,763 - INFO - >>> Step [6/6]: Creating Route Map...
2026-02-18 08:52:04,763 - INFO - Generating geospatial map...
2026-02-18 08:52:04,795 - INFO - Map saved to reports/bus_route_map.html
2026-02-18 08:52:04,795 - INFO - ==================================================
2026-02-18 08:52:04,795 - INFO -    Pipeline Execution Completed Successfully      
2026-02-18 08:52:04,795 - INFO - ==================================================
